2 0.254886
3 0.178622
4 0.138018
5 0.112581
6 0.0951011
7 0.0823366
8 0.0726004
9 0.0649282
10 0.0587243
11 0.0536047
12 0.0493057
13 0.0456468
14 0.0424938
15 0.0397481
16 0.0373367
17 0.0351999
18 0.0332952
19 0.0315866
20 0.030045
21 0.0286458
22 0.0273714
23 0.0262065
24 0.0251356
25 0.0241494
26 0.0232394
27 0.0223922
28 0.0216061
29 0.0208728
30 0.0201905
31 0.0195485
32 0.0189465
33 0.0183823
34 0.0178483
35 0.0173442
36 0.0168709
37 0.0164193
38 0.0159928
39 0.0155865
40 0.015205
41 0.0148379
42 0.0144857
43 0.0141565
44 0.0138366
45 0.0135337
46 0.0132426
47 0.0129626
48 0.0126958
49 0.0124401
50 0.0121942
51 0.0119562
52 0.0117267
53 0.0115067
54 0.0112951
55 0.0110949
56 0.0108998
57 0.0107098
58 0.0105228
59 0.0103468
60 0.0101771
61 0.0100108
62 0.00984931
63 0.00969422
64 0.009547
65 0.00940287
66 0.00925779
67 0.0091238
68 0.0089854
69 0.00886166
70 0.00873387
71 0.00861073
72 0.00849128
73 0.00837803
74 0.00826478
75 0.00815117
76 0.00804639
77 0.00794387
78 0.00784385
79 0.00774658
80 0.00764477
81 0.00755656
82 0.00746429
83 0.00737131
84 0.00728202
85 0.00720108
86 0.00711977
87 0.0070374
88 0.00695324
89 0.00687945
90 0.00680578
91 0.00673223
92 0.00665247
93 0.00658178
94 0.0065155
95 0.0064497
96 0.00637662
97 0.0063169
98 0.00625181
99 0.00618768
100 0.00612772
