2 0.683766
4 0.478466
6 0.38046
8 0.326822
10 0.292595
12 0.26834
14 0.249964
16 0.235402
18 0.223489
20 0.213504
22 0.204977
24 0.197583
26 0.191092
28 0.185332
30 0.180177
32 0.175527
34 0.171305
36 0.167448
38 0.163908
40 0.160642
42 0.157617
44 0.154806
46 0.152183
48 0.149729
50 0.147426
52 0.145259
54 0.143216
56 0.141285
58 0.139457
60 0.137722
62 0.136073
64 0.134502
66 0.133005
68 0.131575
70 0.130207
72 0.128898
74 0.127642
76 0.126437
78 0.125279
80 0.124166
82 0.123093
84 0.12206
86 0.121063
88 0.120101
90 0.119171
92 0.118272
94 0.117403
96 0.11656
98 0.115744
100 0.114953
