2 0.915146
3 0.294093
4 0.108139
5 0.104861
6 0.0766418
7 0.0556653
8 0.0436932
9 0.0350038
10 0.0286481
11 0.0238856
12 0.0202168
13 0.0173324
14 0.0150234
15 0.0131471
16 0.0116013
17 0.0103129
18 0.00922787
19 0.00830537
20 0.00751472
21 0.00683159
22 0.00623775
23 0.00571799
24 0.00526077
25 0.00485611
26 0.00449646
27 0.00417525
28 0.00388741
29 0.00362825
30 0.00339413
31 0.00318217
32 0.00298929
33 0.00281346
34 0.0026527
35 0.00250536
36 0.00236982
37 0.00224513
38 0.00213003
39 0.00202346
40 0.00192481
41 0.00183326
42 0.00174797
43 0.00166851
44 0.00159454
45 0.00152498
46 0.00145996
47 0.00139934
48 0.00134224
49 0.00128835
50 0.00123793
51 0.00119048
52 0.00114548
53 0.00110298
54 0.00106281
55 0.00102484
56 0.000989139
57 0.000954866
58 0.000922322
59 0.000891745
60 0.00086242
61 0.000834763
62 0.000808179
63 0.000783086
64 0.000758648
65 0.0007357
66 0.000713944
67 0.000692904
68 0.000672758
69 0.000653505
70 0.000635207
71 0.000617385
72 0.000600517
73 0.000584185
74 0.000568748
75 0.000553727
76 0.000539362
77 0.000525594
78 0.000512302
79 0.000499487
80 0.000487089
81 0.000475109
82 0.000463843
83 0.000452697
84 0.000442266
85 0.000431657
86 0.000421703
87 0.000412166
88 0.000402927
89 0.000393987
90 0.000385523
91 0.000377059
92 0.000368834
93 0.000361145
94 0.000353336
95 0.000346243
96 0.000338972
97 0.000331759
98 0.000325203
99 0.000318825
100 0.000312507
